

================================================================
== Vivado HLS Report for 'sep_convolution_filter'
================================================================
* Date:           Fri Sep 15 14:43:02 2017

* Version:        2016.2 (Build 1577090 on Thu Jun 02 16:59:10 MDT 2016)
* Project:        Sep_Convolution_Filter
* Solution:       solution1
* Product family: zynq
* Target device:  xc7z020clg484-1


================================================================
== Performance Estimates
================================================================
+ Timing (ns): 
    * Summary: 
    +--------+-------+----------+------------+
    |  Clock | Target| Estimated| Uncertainty|
    +--------+-------+----------+------------+
    |ap_clk  |  41.67|     34.94|        5.21|
    +--------+-------+----------+------------+

+ Latency (clock cycles): 
    * Summary: 
    +--------+--------+--------+--------+---------+
    |     Latency     |     Interval    | Pipeline|
    |   min  |   max  |   min  |   max  |   Type  |
    +--------+--------+--------+--------+---------+
    |  308324|  308324|  308325|  308325|   none  |
    +--------+--------+--------+--------+---------+

    + Detail: 
        * Instance: 
        N/A

        * Loop: 
        +---------------------+--------+--------+----------+-----------+-----------+--------+----------+
        |                     |     Latency     | Iteration|  Initiation Interval  |  Trip  |          |
        |      Loop Name      |   min  |   max  |  Latency |  achieved |   target  |  Count | Pipelined|
        +---------------------+--------+--------+----------+-----------+-----------+--------+----------+
        |- Loop_row_Loop_col  |  308322|  308322|         3|          1|          1|  308321|    yes   |
        +---------------------+--------+--------+----------+-----------+-----------+--------+----------+



================================================================
== Utilization Estimates
================================================================
* Summary: 
+-----------------+---------+-------+--------+-------+
|       Name      | BRAM_18K| DSP48E|   FF   |  LUT  |
+-----------------+---------+-------+--------+-------+
|DSP              |        -|      4|       -|      -|
|Expression       |        -|      2|       0|    232|
|FIFO             |        -|      -|       -|      -|
|Instance         |        -|      -|       -|      -|
|Memory           |        2|      -|       0|      0|
|Multiplexer      |        -|      -|       -|     43|
|Register         |        -|      -|     135|      -|
+-----------------+---------+-------+--------+-------+
|Total            |        2|      6|     135|    275|
+-----------------+---------+-------+--------+-------+
|Available        |      280|    220|  106400|  53200|
+-----------------+---------+-------+--------+-------+
|Utilization (%)  |    ~0   |      2|   ~0   |   ~0  |
+-----------------+---------+-------+--------+-------+

+ Detail: 
    * Instance: 
    N/A

    * DSP48: 
    +-------------------------------------------------------+----------------------------------------------------+--------------+
    |                        Instance                       |                       Module                       |  Expression  |
    +-------------------------------------------------------+----------------------------------------------------+--------------+
    |sep_convolution_filter_mac_muladd_17s_6s_23s_24_1_U2   |sep_convolution_filter_mac_muladd_17s_6s_23s_24_1   | i0 + i1 * i2 |
    |sep_convolution_filter_mac_muladd_17s_8ns_24s_24_1_U1  |sep_convolution_filter_mac_muladd_17s_8ns_24s_24_1  | i0 + i1 * i2 |
    |sep_convolution_filter_mac_muladd_8ns_8ns_14s_16_1_U4  |sep_convolution_filter_mac_muladd_8ns_8ns_14s_16_1  | i0 * i1 + i2 |
    |sep_convolution_filter_mac_muladd_8ns_8s_16s_17_1_U3   |sep_convolution_filter_mac_muladd_8ns_8s_16s_17_1   | i0 + i1 * i2 |
    +-------------------------------------------------------+----------------------------------------------------+--------------+

    * Memory: 
    +-------------------+----------------------------------------+---------+---+----+------+-----+------+-------------+
    |       Memory      |                 Module                 | BRAM_18K| FF| LUT| Words| Bits| Banks| W*Bits*Banks|
    +-------------------+----------------------------------------+---------+---+----+------+-----+------+-------------+
    |line_buffer_V_0_U  |sep_convolution_filter_line_buffer_V_0  |        1|  0|   0|   640|    8|     1|         5120|
    |line_buffer_V_1_U  |sep_convolution_filter_line_buffer_V_0  |        1|  0|   0|   640|    8|     1|         5120|
    +-------------------+----------------------------------------+---------+---+----+------+-----+------+-------------+
    |Total              |                                        |        2|  0|   0|  1280|   16|     2|        10240|
    +-------------------+----------------------------------------+---------+---+----+------+-----+------+-------------+

    * FIFO: 
    N/A

    * Expression: 
    +-------------------------------+----------+-------+---+----+------------+------------+
    |         Variable Name         | Operation| DSP48E| FF| LUT| Bitwidth P0| Bitwidth P1|
    +-------------------------------+----------+-------+---+----+------------+------------+
    |mul_fu_456_p2                  |     *    |      2|  0|   1|          24|          25|
    |col_1_fu_313_p2                |     +    |      0|  0|  10|          10|           1|
    |indvar_flatten_next_fu_209_p2  |     +    |      0|  0|  19|          19|           1|
    |out_img_V_TDATA                |     +    |      0|  0|   8|           8|           6|
    |row_s_fu_229_p2                |     +    |      0|  0|   9|           9|           1|
    |grp_fu_547_p20                 |     -    |      0|  0|  24|          24|          24|
    |neg_mul_fu_462_p2              |     -    |      0|  0|  48|           1|          48|
    |neg_ti_fu_503_p2               |     -    |      0|  0|  17|           1|          17|
    |r_V_fu_368_p2                  |     -    |      0|  0|  14|          14|          14|
    |ap_sig_101                     |    and   |      0|  0|   1|           1|           1|
    |ap_sig_440                     |    and   |      0|  0|   1|           1|           1|
    |ap_sig_92                      |    and   |      0|  0|   1|           1|           1|
    |or_cond1_fu_307_p2             |    and   |      0|  0|   1|           1|           1|
    |or_cond_fu_295_p2              |    and   |      0|  0|   1|           1|           1|
    |exitcond_flatten_fu_203_p2     |   icmp   |      0|  0|   7|          19|          19|
    |exitcond_fu_215_p2             |   icmp   |      0|  0|   4|          10|          10|
    |tmp6_fu_241_p2                 |   icmp   |      0|  0|   3|           9|           7|
    |tmp_2_mid1_fu_255_p2           |   icmp   |      0|  0|   3|           9|           1|
    |tmp_4_fu_283_p2                |   icmp   |      0|  0|   4|          10|          10|
    |tmp_9_fu_301_p2                |   icmp   |      0|  0|   4|          10|           1|
    |tmp_mid1_fu_235_p2             |   icmp   |      0|  0|   3|           9|           7|
    |tmp_s_fu_261_p2                |   icmp   |      0|  0|   3|           9|           1|
    |col_mid2_fu_221_p3             |  select  |      0|  0|  10|           1|           1|
    |p_v_v_fu_495_p3                |  select  |      0|  0|  17|           1|          17|
    |row_mid2_fu_275_p3             |  select  |      0|  0|   9|           1|           9|
    |tmp_12_fu_523_p3               |  select  |      0|  0|   8|           1|           8|
    |tmp_2_mid2_fu_267_p3           |  select  |      0|  0|   1|           1|           1|
    |tmp_mid2_fu_247_p3             |  select  |      0|  0|   1|           1|           1|
    +-------------------------------+----------+-------+---+----+------------+------------+
    |Total                          |          |      2|  0| 232|         206|         235|
    +-------------------------------+----------+-------+---+----+------------+------------+

    * Multiplexer: 
    +---------------------------------+----+-----------+-----+-----------+
    |               Name              | LUT| Input Size| Bits| Total Bits|
    +---------------------------------+----+-----------+-----+-----------+
    |ap_NS_fsm                        |   1|          4|    1|          4|
    |ap_reg_ppiten_pp0_it2            |   1|          2|    1|          2|
    |ap_sig_ioackin_out_img_V_TREADY  |   1|          2|    1|          2|
    |col_reg_192                      |  10|          2|   10|         20|
    |in_img_V_TDATA_blk_n             |   1|          2|    1|          2|
    |indvar_flatten_reg_170           |  19|          2|   19|         38|
    |out_img_V_TDATA_blk_n            |   1|          2|    1|          2|
    |row_reg_181                      |   9|          2|    9|         18|
    +---------------------------------+----+-----------+-----+-----------+
    |Total                            |  43|         18|   43|         88|
    +---------------------------------+----+-----------+-----+-----------+

    * Register: 
    +-----------------------------------------+----+----+-----+-----------+
    |                   Name                  | FF | LUT| Bits| Const Bits|
    +-----------------------------------------+----+----+-----+-----------+
    |ap_CS_fsm                                |   3|   0|    3|          0|
    |ap_reg_ioackin_out_img_V_TREADY          |   1|   0|    1|          0|
    |ap_reg_ppiten_pp0_it0                    |   1|   0|    1|          0|
    |ap_reg_ppiten_pp0_it1                    |   1|   0|    1|          0|
    |ap_reg_ppiten_pp0_it2                    |   1|   0|    1|          0|
    |ap_reg_ppstg_or_cond1_reg_619_pp0_iter1  |   1|   0|    1|          0|
    |col_mid2_reg_584                         |  10|   0|   10|          0|
    |col_reg_192                              |  10|   0|   10|          0|
    |convolution_buffer_V_1                   |  17|   0|   17|          0|
    |convolution_buffer_V_2                   |  17|   0|   17|          0|
    |in_temp_V_reg_613                        |   8|   0|    8|          0|
    |indvar_flatten_reg_170                   |  19|   0|   19|          0|
    |line_buffer_V_0_addr_reg_598             |  10|   0|   10|          0|
    |or_cond1_reg_619                         |   1|   0|    1|          0|
    |or_cond_reg_609                          |   1|   0|    1|          0|
    |row_reg_181                              |   9|   0|    9|          0|
    |tmp_4_reg_594                            |   1|   0|    1|          0|
    |window_V_0                               |   8|   0|    8|          0|
    |window_V_1                               |   8|   0|    8|          0|
    |window_V_2                               |   8|   0|    8|          0|
    +-----------------------------------------+----+----+-----+-----------+
    |Total                                    | 135|   0|  135|          0|
    +-----------------------------------------+----+----+-----+-----------+



================================================================
== Interface
================================================================
* Summary: 
+------------------+-----+-----+------------+------------------------+--------------+
|     RTL Ports    | Dir | Bits|  Protocol  |      Source Object     |    C Type    |
+------------------+-----+-----+------------+------------------------+--------------+
|ap_clk            |  in |    1| ap_ctrl_hs | sep_convolution_filter | return value |
|ap_rst_n          |  in |    1| ap_ctrl_hs | sep_convolution_filter | return value |
|ap_start          |  in |    1| ap_ctrl_hs | sep_convolution_filter | return value |
|ap_done           | out |    1| ap_ctrl_hs | sep_convolution_filter | return value |
|ap_idle           | out |    1| ap_ctrl_hs | sep_convolution_filter | return value |
|ap_ready          | out |    1| ap_ctrl_hs | sep_convolution_filter | return value |
|in_img_V_TDATA    |  in |    8|    axis    |        in_img_V        |    pointer   |
|in_img_V_TVALID   |  in |    1|    axis    |        in_img_V        |    pointer   |
|in_img_V_TREADY   | out |    1|    axis    |        in_img_V        |    pointer   |
|out_img_V_TDATA   | out |    8|    axis    |        out_img_V       |    pointer   |
|out_img_V_TVALID  | out |    1|    axis    |        out_img_V       |    pointer   |
|out_img_V_TREADY  |  in |    1|    axis    |        out_img_V       |    pointer   |
+------------------+-----+-----+------------+------------------------+--------------+

