

================================================================
== Vivado HLS Report for 'convolution_filter'
================================================================
* Date:           Fri Sep 15 14:32:42 2017

* Version:        2016.2 (Build 1577090 on Thu Jun 02 16:59:10 MDT 2016)
* Project:        Configurable_Convolution_Filter
* Solution:       solution1
* Product family: zynq
* Target device:  xc7z020clg484-1


================================================================
== Performance Estimates
================================================================
+ Timing (ns): 
    * Summary: 
    +--------+-------+----------+------------+
    |  Clock | Target| Estimated| Uncertainty|
    +--------+-------+----------+------------+
    |ap_clk  |  41.67|     14.88|        5.21|
    +--------+-------+----------+------------+

+ Latency (clock cycles): 
    * Summary: 
    +--------+--------+--------+--------+---------+
    |     Latency     |     Interval    | Pipeline|
    |   min  |   max  |   min  |   max  |   Type  |
    +--------+--------+--------+--------+---------+
    |  310572|  310572|  310573|  310573|   none  |
    +--------+--------+--------+--------+---------+

    + Detail: 
        * Instance: 
        N/A

        * Loop: 
        +---------------------+--------+--------+----------+-----------+-----------+--------+----------+
        |                     |     Latency     | Iteration|  Initiation Interval  |  Trip  |          |
        |      Loop Name      |   min  |   max  |  Latency |  achieved |   target  |  Count | Pipelined|
        +---------------------+--------+--------+----------+-----------+-----------+--------+----------+
        |- Loop_row_Loop_col  |  310570|  310570|         3|          1|          1|  310569|    yes   |
        +---------------------+--------+--------+----------+-----------+-----------+--------+----------+



================================================================
== Utilization Estimates
================================================================
* Summary: 
+-----------------+---------+-------+--------+-------+
|       Name      | BRAM_18K| DSP48E|   FF   |  LUT  |
+-----------------+---------+-------+--------+-------+
|DSP              |        -|      -|       -|      -|
|Expression       |        -|      -|       0|    396|
|FIFO             |        -|      -|       -|      -|
|Instance         |        -|      0|       0|   2072|
|Memory           |        6|      -|       0|      0|
|Multiplexer      |        -|      -|       -|    100|
|Register         |        -|      -|     567|      -|
+-----------------+---------+-------+--------+-------+
|Total            |        6|      0|     567|   2568|
+-----------------+---------+-------+--------+-------+
|Available        |      280|    220|  106400|  53200|
+-----------------+---------+-------+--------+-------+
|Utilization (%)  |        2|      0|   ~0   |      4|
+-----------------+---------+-------+--------+-------+

+ Detail: 
    * Instance: 
    +-----------------------------------------+-------------------------------------+---------+-------+---+----+
    |                 Instance                |                Module               | BRAM_18K| DSP48E| FF| LUT|
    +-----------------------------------------+-------------------------------------+---------+-------+---+----+
    |convolution_filter_mul_8ns_3ns_11_1_U36  |convolution_filter_mul_8ns_3ns_11_1  |        0|      0|  0|  24|
    |convolution_filter_mul_8ns_4ns_12_1_U9   |convolution_filter_mul_8ns_4ns_12_1  |        0|      0|  0|  32|
    |convolution_filter_mul_8ns_4ns_12_1_U15  |convolution_filter_mul_8ns_4ns_12_1  |        0|      0|  0|  32|
    |convolution_filter_mul_8ns_4ns_12_1_U20  |convolution_filter_mul_8ns_4ns_12_1  |        0|      0|  0|  32|
    |convolution_filter_mul_8ns_5ns_13_1_U4   |convolution_filter_mul_8ns_5ns_13_1  |        0|      0|  0|  40|
    |convolution_filter_mul_8ns_5ns_13_1_U10  |convolution_filter_mul_8ns_5ns_13_1  |        0|      0|  0|  40|
    |convolution_filter_mul_8ns_5ns_13_1_U21  |convolution_filter_mul_8ns_5ns_13_1  |        0|      0|  0|  40|
    |convolution_filter_mul_8ns_5ns_13_1_U26  |convolution_filter_mul_8ns_5ns_13_1  |        0|      0|  0|  40|
    |convolution_filter_mul_8ns_5ns_13_1_U27  |convolution_filter_mul_8ns_5ns_13_1  |        0|      0|  0|  40|
    |convolution_filter_mul_8ns_5ns_13_1_U37  |convolution_filter_mul_8ns_5ns_13_1  |        0|      0|  0|  40|
    |convolution_filter_mul_8ns_5ns_13_1_U42  |convolution_filter_mul_8ns_5ns_13_1  |        0|      0|  0|  40|
    |convolution_filter_mul_8ns_6ns_14_1_U1   |convolution_filter_mul_8ns_6ns_14_1  |        0|      0|  0|  48|
    |convolution_filter_mul_8ns_6ns_14_1_U5   |convolution_filter_mul_8ns_6ns_14_1  |        0|      0|  0|  48|
    |convolution_filter_mul_8ns_6ns_14_1_U6   |convolution_filter_mul_8ns_6ns_14_1  |        0|      0|  0|  48|
    |convolution_filter_mul_8ns_6ns_14_1_U11  |convolution_filter_mul_8ns_6ns_14_1  |        0|      0|  0|  48|
    |convolution_filter_mul_8ns_6ns_14_1_U12  |convolution_filter_mul_8ns_6ns_14_1  |        0|      0|  0|  48|
    |convolution_filter_mul_8ns_6ns_14_1_U13  |convolution_filter_mul_8ns_6ns_14_1  |        0|      0|  0|  48|
    |convolution_filter_mul_8ns_6ns_14_1_U16  |convolution_filter_mul_8ns_6ns_14_1  |        0|      0|  0|  48|
    |convolution_filter_mul_8ns_6ns_14_1_U17  |convolution_filter_mul_8ns_6ns_14_1  |        0|      0|  0|  48|
    |convolution_filter_mul_8ns_6ns_14_1_U22  |convolution_filter_mul_8ns_6ns_14_1  |        0|      0|  0|  48|
    |convolution_filter_mul_8ns_6ns_14_1_U28  |convolution_filter_mul_8ns_6ns_14_1  |        0|      0|  0|  48|
    |convolution_filter_mul_8ns_6ns_14_1_U32  |convolution_filter_mul_8ns_6ns_14_1  |        0|      0|  0|  48|
    |convolution_filter_mul_8ns_6ns_14_1_U33  |convolution_filter_mul_8ns_6ns_14_1  |        0|      0|  0|  48|
    |convolution_filter_mul_8ns_6ns_14_1_U38  |convolution_filter_mul_8ns_6ns_14_1  |        0|      0|  0|  48|
    |convolution_filter_mul_8ns_6ns_14_1_U39  |convolution_filter_mul_8ns_6ns_14_1  |        0|      0|  0|  48|
    |convolution_filter_mul_8ns_6ns_14_1_U43  |convolution_filter_mul_8ns_6ns_14_1  |        0|      0|  0|  48|
    |convolution_filter_mul_8ns_7ns_15_1_U2   |convolution_filter_mul_8ns_7ns_15_1  |        0|      0|  0|  56|
    |convolution_filter_mul_8ns_7ns_15_1_U3   |convolution_filter_mul_8ns_7ns_15_1  |        0|      0|  0|  56|
    |convolution_filter_mul_8ns_7ns_15_1_U7   |convolution_filter_mul_8ns_7ns_15_1  |        0|      0|  0|  56|
    |convolution_filter_mul_8ns_7ns_15_1_U8   |convolution_filter_mul_8ns_7ns_15_1  |        0|      0|  0|  56|
    |convolution_filter_mul_8ns_7ns_15_1_U14  |convolution_filter_mul_8ns_7ns_15_1  |        0|      0|  0|  56|
    |convolution_filter_mul_8ns_7ns_15_1_U18  |convolution_filter_mul_8ns_7ns_15_1  |        0|      0|  0|  56|
    |convolution_filter_mul_8ns_7ns_15_1_U19  |convolution_filter_mul_8ns_7ns_15_1  |        0|      0|  0|  56|
    |convolution_filter_mul_8ns_7ns_15_1_U23  |convolution_filter_mul_8ns_7ns_15_1  |        0|      0|  0|  56|
    |convolution_filter_mul_8ns_7ns_15_1_U24  |convolution_filter_mul_8ns_7ns_15_1  |        0|      0|  0|  56|
    |convolution_filter_mul_8ns_7ns_15_1_U25  |convolution_filter_mul_8ns_7ns_15_1  |        0|      0|  0|  56|
    |convolution_filter_mul_8ns_7ns_15_1_U29  |convolution_filter_mul_8ns_7ns_15_1  |        0|      0|  0|  56|
    |convolution_filter_mul_8ns_7ns_15_1_U30  |convolution_filter_mul_8ns_7ns_15_1  |        0|      0|  0|  56|
    |convolution_filter_mul_8ns_7ns_15_1_U31  |convolution_filter_mul_8ns_7ns_15_1  |        0|      0|  0|  56|
    |convolution_filter_mul_8ns_7ns_15_1_U34  |convolution_filter_mul_8ns_7ns_15_1  |        0|      0|  0|  56|
    |convolution_filter_mul_8ns_7ns_15_1_U35  |convolution_filter_mul_8ns_7ns_15_1  |        0|      0|  0|  56|
    |convolution_filter_mul_8ns_7ns_15_1_U40  |convolution_filter_mul_8ns_7ns_15_1  |        0|      0|  0|  56|
    |convolution_filter_mul_8ns_7ns_15_1_U41  |convolution_filter_mul_8ns_7ns_15_1  |        0|      0|  0|  56|
    +-----------------------------------------+-------------------------------------+---------+-------+---+----+
    |Total                                    |                                     |        0|      0|  0|2072|
    +-----------------------------------------+-------------------------------------+---------+-------+---+----+

    * DSP48: 
    N/A

    * Memory: 
    +-------------------+------------------------------------+---------+---+----+------+-----+------+-------------+
    |       Memory      |               Module               | BRAM_18K| FF| LUT| Words| Bits| Banks| W*Bits*Banks|
    +-------------------+------------------------------------+---------+---+----+------+-----+------+-------------+
    |line_buffer_V_0_U  |convolution_filter_line_buffer_V_0  |        1|  0|   0|   640|    8|     1|         5120|
    |line_buffer_V_1_U  |convolution_filter_line_buffer_V_0  |        1|  0|   0|   640|    8|     1|         5120|
    |line_buffer_V_2_U  |convolution_filter_line_buffer_V_0  |        1|  0|   0|   640|    8|     1|         5120|
    |line_buffer_V_3_U  |convolution_filter_line_buffer_V_0  |        1|  0|   0|   640|    8|     1|         5120|
    |line_buffer_V_4_U  |convolution_filter_line_buffer_V_0  |        1|  0|   0|   640|    8|     1|         5120|
    |line_buffer_V_5_U  |convolution_filter_line_buffer_V_0  |        1|  0|   0|   640|    8|     1|         5120|
    +-------------------+------------------------------------+---------+---+----+------+-----+------+-------------+
    |Total              |                                    |        6|  0|   0|  3840|   48|     6|        30720|
    +-------------------+------------------------------------+---------+---+----+------+-----+------+-------------+

    * FIFO: 
    N/A

    * Expression: 
    +-------------------------------+----------+-------+---+----+------------+------------+
    |         Variable Name         | Operation| DSP48E| FF| LUT| Bitwidth P0| Bitwidth P1|
    +-------------------------------+----------+-------+---+----+------------+------------+
    |col_1_fu_626_p2                |     +    |      0|  0|  10|          10|           1|
    |indvar_flatten_next_fu_512_p2  |     +    |      0|  0|  19|          19|           1|
    |out_img_V_TDATA                |     +    |      0|  0|   4|           8|           8|
    |row_s_fu_532_p2                |     +    |      0|  0|   9|           9|           1|
    |tmp10_fu_1602_p2               |     +    |      0|  0|   4|           8|           8|
    |tmp11_cast_fu_1632_p2          |     +    |      0|  0|   8|           8|           8|
    |tmp12_fu_1618_p2               |     +    |      0|  0|  14|          14|          14|
    |tmp13_fu_1738_p2               |     +    |      0|  0|   4|           8|           8|
    |tmp14_fu_1684_p2               |     +    |      0|  0|   4|           8|           8|
    |tmp15_fu_1656_p2               |     +    |      0|  0|   4|           8|           8|
    |tmp16_fu_1650_p2               |     +    |      0|  0|   4|           8|           8|
    |tmp17_cast_fu_1678_p2          |     +    |      0|  0|   4|           8|           8|
    |tmp18_fu_1662_p2               |     +    |      0|  0|  14|          14|          14|
    |tmp19_fu_1732_p2               |     +    |      0|  0|   4|           8|           8|
    |tmp1_fu_1744_p2                |     +    |      0|  0|   4|           8|           8|
    |tmp20_cast_fu_1700_p2          |     +    |      0|  0|   4|           8|           8|
    |tmp21_fu_1690_p2               |     +    |      0|  0|   4|           8|           8|
    |tmp22_cast_fu_1726_p2          |     +    |      0|  0|   4|           8|           8|
    |tmp24_fu_1948_p2               |     +    |      0|  0|   4|           8|           8|
    |tmp25_fu_1840_p2               |     +    |      0|  0|   4|           8|           8|
    |tmp26_fu_1790_p2               |     +    |      0|  0|   4|           8|           8|
    |tmp27_fu_1756_p2               |     +    |      0|  0|   4|          15|          15|
    |tmp28_fu_1750_p2               |     +    |      0|  0|   4|          15|          15|
    |tmp29_cast_fu_1784_p2          |     +    |      0|  0|   4|           8|           8|
    |tmp2_fu_1644_p2                |     +    |      0|  0|   4|           8|           8|
    |tmp31_fu_1834_p2               |     +    |      0|  0|   4|           8|           8|
    |tmp32_fu_1802_p2               |     +    |      0|  0|   4|          15|          15|
    |tmp33_fu_1796_p2               |     +    |      0|  0|   4|          15|          15|
    |tmp34_cast_fu_1828_p2          |     +    |      0|  0|   8|           8|           8|
    |tmp35_fu_1812_p2               |     +    |      0|  0|  14|          14|          14|
    |tmp36_fu_1942_p2               |     +    |      0|  0|   4|           8|           8|
    |tmp37_fu_1892_p2               |     +    |      0|  0|   4|           8|           8|
    |tmp38_cast_fu_1862_p2          |     +    |      0|  0|   8|           8|           8|
    |tmp39_fu_1846_p2               |     +    |      0|  0|  15|          15|          15|
    |tmp3_fu_1596_p2                |     +    |      0|  0|   4|           8|           8|
    |tmp40_cast_fu_1886_p2          |     +    |      0|  0|   4|           8|           8|
    |tmp42_fu_1936_p2               |     +    |      0|  0|   4|           8|           8|
    |tmp43_cast_fu_1912_p2          |     +    |      0|  0|   8|           8|           8|
    |tmp44_fu_1898_p2               |     +    |      0|  0|  15|          15|          15|
    |tmp45_fu_1930_p2               |     +    |      0|  0|   4|           8|           8|
    |tmp46_fu_1918_p2               |     +    |      0|  0|   8|           8|           8|
    |tmp47_fu_1924_p2               |     +    |      0|  0|   8|           8|           8|
    |tmp4_cast_fu_1570_p2           |     +    |      0|  0|   8|           8|           8|
    |tmp5_fu_1556_p2                |     +    |      0|  0|  15|          15|          15|
    |tmp6_cast_fu_1590_p2           |     +    |      0|  0|   4|           8|           8|
    |tmp7_fu_1576_p2                |     +    |      0|  0|  14|          14|          14|
    |tmp8_fu_1638_p2                |     +    |      0|  0|   4|           8|           8|
    |tmp9_cast_fu_1612_p2           |     +    |      0|  0|   4|           8|           8|
    |tmp_79_fu_1720_p2              |     +    |      0|  0|   4|           8|           8|
    |tmp_84_fu_1778_p2              |     +    |      0|  0|   8|           8|           8|
    |tmp_93_fu_1880_p2              |     +    |      0|  0|   8|           8|           8|
    |ap_sig_1256                    |    and   |      0|  0|   1|           1|           1|
    |ap_sig_172                     |    and   |      0|  0|   1|           1|           1|
    |ap_sig_181                     |    and   |      0|  0|   1|           1|           1|
    |or_cond1_fu_620_p2             |    and   |      0|  0|   1|           1|           1|
    |or_cond_fu_602_p2              |    and   |      0|  0|   1|           1|           1|
    |exitcond_flatten_fu_506_p2     |   icmp   |      0|  0|   7|          19|          19|
    |exitcond_fu_518_p2             |   icmp   |      0|  0|   4|          10|          10|
    |tmp_2_fu_564_p2                |   icmp   |      0|  0|   3|           9|           2|
    |tmp_2_mid1_fu_558_p2           |   icmp   |      0|  0|   3|           9|           2|
    |tmp_4_fu_586_p2                |   icmp   |      0|  0|   4|          10|          10|
    |tmp_9_fu_614_p2                |   icmp   |      0|  0|   4|          10|           2|
    |tmp_fu_544_p2                  |   icmp   |      0|  0|   3|           9|           7|
    |tmp_mid1_fu_538_p2             |   icmp   |      0|  0|   3|           9|           7|
    |col_mid2_fu_524_p3             |  select  |      0|  0|  10|           1|           1|
    |row_mid2_fu_578_p3             |  select  |      0|  0|   9|           1|           9|
    |tmp_2_mid2_fu_570_p3           |  select  |      0|  0|   1|           1|           1|
    |tmp_mid2_fu_550_p3             |  select  |      0|  0|   1|           1|           1|
    +-------------------------------+----------+-------+---+----+------------+------------+
    |Total                          |          |      0|  0| 396|         589|         536|
    +-------------------------------+----------+-------+---+----+------------+------------+

    * Multiplexer: 
    +---------------------------------+----+-----------+-----+-----------+
    |               Name              | LUT| Input Size| Bits| Total Bits|
    +---------------------------------+----+-----------+-----+-----------+
    |ap_NS_fsm                        |   1|          4|    1|          4|
    |ap_reg_ppiten_pp0_it1            |   1|          2|    1|          2|
    |ap_reg_ppiten_pp0_it2            |   1|          2|    1|          2|
    |ap_sig_ioackin_out_img_V_TREADY  |   1|          2|    1|          2|
    |col_reg_432                      |  10|          2|   10|         20|
    |in_img_V_TDATA_blk_n             |   1|          2|    1|          2|
    |in_temp_V_1_fu_266               |   8|          2|    8|         16|
    |indvar_flatten_reg_410           |  19|          2|   19|         38|
    |out_img_V_TDATA_blk_n            |   1|          2|    1|          2|
    |row_reg_421                      |   9|          2|    9|         18|
    |window_V_0_6_loc_1_fu_290        |   8|          2|    8|         16|
    |window_V_1_6_loc_1_fu_286        |   8|          2|    8|         16|
    |window_V_2_6_loc_1_fu_282        |   8|          2|    8|         16|
    |window_V_3_6_loc_1_fu_278        |   8|          2|    8|         16|
    |window_V_4_6_loc_1_fu_274        |   8|          2|    8|         16|
    |window_V_5_6_loc_1_fu_270        |   8|          2|    8|         16|
    +---------------------------------+----+-----------+-----+-----------+
    |Total                            | 100|         34|  100|        202|
    +---------------------------------+----+-----------+-----+-----------+

    * Register: 
    +--------------------------------------------------+----+----+-----+-----------+
    |                       Name                       | FF | LUT| Bits| Const Bits|
    +--------------------------------------------------+----+----+-----+-----------+
    |ap_CS_fsm                                         |   3|   0|    3|          0|
    |ap_reg_ioackin_out_img_V_TREADY                   |   1|   0|    1|          0|
    |ap_reg_ppiten_pp0_it0                             |   1|   0|    1|          0|
    |ap_reg_ppiten_pp0_it1                             |   1|   0|    1|          0|
    |ap_reg_ppiten_pp0_it2                             |   1|   0|    1|          0|
    |ap_reg_ppstg_exitcond_flatten_reg_2017_pp0_iter1  |   1|   0|    1|          0|
    |ap_reg_ppstg_or_cond1_reg_2085_pp0_iter1          |   1|   0|    1|          0|
    |col_mid2_reg_2026                                 |  10|   0|   10|          0|
    |col_reg_432                                       |  10|   0|   10|          0|
    |exitcond_flatten_reg_2017                         |   1|   0|    1|          0|
    |in_temp_V_1_fu_266                                |   8|   0|    8|          0|
    |in_temp_V_1_load_reg_2094                         |   8|   0|    8|          0|
    |in_temp_V_reg_2079                                |   8|   0|    8|          0|
    |indvar_flatten_reg_410                            |  19|   0|   19|          0|
    |line_buffer_V_0_addr_reg_2040                     |  10|   0|   10|          0|
    |line_buffer_V_1_addr_reg_2046                     |  10|   0|   10|          0|
    |line_buffer_V_2_addr_reg_2052                     |  10|   0|   10|          0|
    |line_buffer_V_3_addr_reg_2058                     |  10|   0|   10|          0|
    |line_buffer_V_4_addr_reg_2064                     |  10|   0|   10|          0|
    |or_cond1_reg_2085                                 |   1|   0|    1|          0|
    |or_cond_reg_2075                                  |   1|   0|    1|          0|
    |row_reg_421                                       |   9|   0|    9|          0|
    |tmp_4_reg_2036                                    |   1|   0|    1|          0|
    |window_V_0_1                                      |   8|   0|    8|          0|
    |window_V_0_2                                      |   8|   0|    8|          0|
    |window_V_0_3                                      |   8|   0|    8|          0|
    |window_V_0_4                                      |   8|   0|    8|          0|
    |window_V_0_5                                      |   8|   0|    8|          0|
    |window_V_0_6                                      |   8|   0|    8|          0|
    |window_V_0_6_loc_1_fu_290                         |   8|   0|    8|          0|
    |window_V_0_6_loc_1_load_reg_2130                  |   8|   0|    8|          0|
    |window_V_1_1                                      |   8|   0|    8|          0|
    |window_V_1_2                                      |   8|   0|    8|          0|
    |window_V_1_3                                      |   8|   0|    8|          0|
    |window_V_1_4                                      |   8|   0|    8|          0|
    |window_V_1_5                                      |   8|   0|    8|          0|
    |window_V_1_6                                      |   8|   0|    8|          0|
    |window_V_1_6_loc_1_fu_286                         |   8|   0|    8|          0|
    |window_V_1_6_loc_1_load_reg_2124                  |   8|   0|    8|          0|
    |window_V_2_1                                      |   8|   0|    8|          0|
    |window_V_2_2                                      |   8|   0|    8|          0|
    |window_V_2_3                                      |   8|   0|    8|          0|
    |window_V_2_4                                      |   8|   0|    8|          0|
    |window_V_2_5                                      |   8|   0|    8|          0|
    |window_V_2_6                                      |   8|   0|    8|          0|
    |window_V_2_6_loc_1_fu_282                         |   8|   0|    8|          0|
    |window_V_2_6_loc_1_load_reg_2118                  |   8|   0|    8|          0|
    |window_V_3_1                                      |   8|   0|    8|          0|
    |window_V_3_2                                      |   8|   0|    8|          0|
    |window_V_3_3                                      |   8|   0|    8|          0|
    |window_V_3_4                                      |   8|   0|    8|          0|
    |window_V_3_5                                      |   8|   0|    8|          0|
    |window_V_3_6                                      |   8|   0|    8|          0|
    |window_V_3_6_loc_1_fu_278                         |   8|   0|    8|          0|
    |window_V_3_6_loc_1_load_reg_2112                  |   8|   0|    8|          0|
    |window_V_4_1                                      |   8|   0|    8|          0|
    |window_V_4_2                                      |   8|   0|    8|          0|
    |window_V_4_3                                      |   8|   0|    8|          0|
    |window_V_4_4                                      |   8|   0|    8|          0|
    |window_V_4_5                                      |   8|   0|    8|          0|
    |window_V_4_6                                      |   8|   0|    8|          0|
    |window_V_4_6_loc_1_fu_274                         |   8|   0|    8|          0|
    |window_V_4_6_loc_1_load_reg_2106                  |   8|   0|    8|          0|
    |window_V_5_1                                      |   8|   0|    8|          0|
    |window_V_5_2                                      |   8|   0|    8|          0|
    |window_V_5_3                                      |   8|   0|    8|          0|
    |window_V_5_4                                      |   8|   0|    8|          0|
    |window_V_5_5                                      |   8|   0|    8|          0|
    |window_V_5_6                                      |   8|   0|    8|          0|
    |window_V_5_6_loc_1_fu_270                         |   8|   0|    8|          0|
    |window_V_5_6_loc_1_load_reg_2100                  |   8|   0|    8|          0|
    |window_V_6_1                                      |   8|   0|    8|          0|
    |window_V_6_2                                      |   8|   0|    8|          0|
    |window_V_6_3                                      |   8|   0|    8|          0|
    |window_V_6_4                                      |   8|   0|    8|          0|
    |window_V_6_5                                      |   8|   0|    8|          0|
    |window_V_6_6                                      |   8|   0|    8|          0|
    +--------------------------------------------------+----+----+-----+-----------+
    |Total                                             | 567|   0|  567|          0|
    +--------------------------------------------------+----+----+-----+-----------+



================================================================
== Interface
================================================================
* Summary: 
+------------------+-----+-----+------------+--------------------+--------------+
|     RTL Ports    | Dir | Bits|  Protocol  |    Source Object   |    C Type    |
+------------------+-----+-----+------------+--------------------+--------------+
|ap_clk            |  in |    1| ap_ctrl_hs | convolution_filter | return value |
|ap_rst_n          |  in |    1| ap_ctrl_hs | convolution_filter | return value |
|ap_start          |  in |    1| ap_ctrl_hs | convolution_filter | return value |
|ap_done           | out |    1| ap_ctrl_hs | convolution_filter | return value |
|ap_idle           | out |    1| ap_ctrl_hs | convolution_filter | return value |
|ap_ready          | out |    1| ap_ctrl_hs | convolution_filter | return value |
|in_img_V_TDATA    |  in |    8|    axis    |      in_img_V      |    pointer   |
|in_img_V_TVALID   |  in |    1|    axis    |      in_img_V      |    pointer   |
|in_img_V_TREADY   | out |    1|    axis    |      in_img_V      |    pointer   |
|out_img_V_TDATA   | out |    8|    axis    |      out_img_V     |    pointer   |
|out_img_V_TVALID  | out |    1|    axis    |      out_img_V     |    pointer   |
|out_img_V_TREADY  |  in |    1|    axis    |      out_img_V     |    pointer   |
+------------------+-----+-----+------------+--------------------+--------------+

